2026-01-29T02:39:34.645063Z TRACE ThreadId(01) version: 1.18.1
2026-01-29T02:39:34.645177Z TRACE ThreadId(01) platform: windows
2026-01-29T02:39:34.645214Z TRACE ThreadId(01) args: [
    "C:\\Users\\beura\\AppData\\Local\\Microsoft\\WinGet\\Packages\\BrettMayson.HEMTT_Microsoft.Winget.Source_8wekyb3d8bbwe\\hemtt.exe",
    "check",
]
2026-01-29T02:39:34.645718Z TRACE ThreadId(01) using temporary folder: "C:\\Users\\beura\\AppData\\Local\\Temp\\hemtt\\Source_Viceroys-STALKER-ALife"
2026-01-29T02:39:34.645735Z TRACE ThreadId(01) using project folder: "C:\\Source\\Viceroys-STALKER-ALife"
2026-01-29T02:39:34.645784Z TRACE ThreadId(01) using out folder: "C:\\Source\\Viceroys-STALKER-ALife\\.hemttout"
2026-01-29T02:39:34.646084Z TRACE ThreadId(01) using build folder: "C:\\Source\\Viceroys-STALKER-ALife\\.hemttout\\check"
2026-01-29T02:39:34.647640Z TRACE ThreadId(01) config.cpp: VfsPath { path: "/addons/config.cpp", fs: VFS { fs: OverlayFS { layers: [VfsPath { path: "", fs: VFS { fs: In Memory File System } }, VfsPath { path: "", fs: VFS { fs: AltrootFS { root: VfsPath { path: "", fs: VFS { fs: PhysicalFS { root: "C:\\Users\\beura\\AppData\\Local\\Temp\\hemtt\\Source_Viceroys-STALKER-ALife\\hemtt_binarize_output" } } } } } }, VfsPath { path: "", fs: VFS { fs: AltrootFS { root: VfsPath { path: "", fs: VFS { fs: PhysicalFS { root: "C:\\Source\\Viceroys-STALKER-ALife" } } } } } }] } } }
2026-01-29T02:39:34.649535Z TRACE ThreadId(01) config.cpp: VfsPath { path: "/addons/vicstalker_zombification/config.cpp", fs: VFS { fs: OverlayFS { layers: [VfsPath { path: "", fs: VFS { fs: In Memory File System } }, VfsPath { path: "", fs: VFS { fs: AltrootFS { root: VfsPath { path: "", fs: VFS { fs: PhysicalFS { root: "C:\\Users\\beura\\AppData\\Local\\Temp\\hemtt\\Source_Viceroys-STALKER-ALife\\hemtt_binarize_output" } } } } } }, VfsPath { path: "", fs: VFS { fs: AltrootFS { root: VfsPath { path: "", fs: VFS { fs: PhysicalFS { root: "C:\\Source\\Viceroys-STALKER-ALife" } } } } } }] } } }
2026-01-29T02:39:34.649768Z TRACE ThreadId(01) Prefix: VfsPath { path: "/addons/vicstalker_zombification/$PBOPREFIX$", fs: VFS { fs: OverlayFS { layers: [VfsPath { path: "", fs: VFS { fs: In Memory File System } }, VfsPath { path: "", fs: VFS { fs: AltrootFS { root: VfsPath { path: "", fs: VFS { fs: PhysicalFS { root: "C:\\Users\\beura\\AppData\\Local\\Temp\\hemtt\\Source_Viceroys-STALKER-ALife\\hemtt_binarize_output" } } } } } }, VfsPath { path: "", fs: VFS { fs: AltrootFS { root: VfsPath { path: "", fs: VFS { fs: PhysicalFS { root: "C:\\Source\\Viceroys-STALKER-ALife" } } } } } }] } } }
2026-01-29T02:39:34.651367Z TRACE ThreadId(01) Prefix: VfsPath { path: "/addons/vicstalker_panic/$PBOPREFIX$", fs: VFS { fs: OverlayFS { layers: [VfsPath { path: "", fs: VFS { fs: In Memory File System } }, VfsPath { path: "", fs: VFS { fs: AltrootFS { root: VfsPath { path: "", fs: VFS { fs: PhysicalFS { root: "C:\\Users\\beura\\AppData\\Local\\Temp\\hemtt\\Source_Viceroys-STALKER-ALife\\hemtt_binarize_output" } } } } } }, VfsPath { path: "", fs: VFS { fs: AltrootFS { root: VfsPath { path: "", fs: VFS { fs: PhysicalFS { root: "C:\\Source\\Viceroys-STALKER-ALife" } } } } } }] } } }
2026-01-29T02:39:34.651780Z TRACE ThreadId(01) config.cpp: VfsPath { path: "/addons/vicstalker_panic/config.cpp", fs: VFS { fs: OverlayFS { layers: [VfsPath { path: "", fs: VFS { fs: In Memory File System } }, VfsPath { path: "", fs: VFS { fs: AltrootFS { root: VfsPath { path: "", fs: VFS { fs: PhysicalFS { root: "C:\\Users\\beura\\AppData\\Local\\Temp\\hemtt\\Source_Viceroys-STALKER-ALife\\hemtt_binarize_output" } } } } } }, VfsPath { path: "", fs: VFS { fs: AltrootFS { root: VfsPath { path: "", fs: VFS { fs: PhysicalFS { root: "C:\\Source\\Viceroys-STALKER-ALife" } } } } } }] } } }
2026-01-29T02:39:34.653097Z TRACE ThreadId(01) config.cpp: VfsPath { path: "/addons/vicstalker_wrecks/config.cpp", fs: VFS { fs: OverlayFS { layers: [VfsPath { path: "", fs: VFS { fs: In Memory File System } }, VfsPath { path: "", fs: VFS { fs: AltrootFS { root: VfsPath { path: "", fs: VFS { fs: PhysicalFS { root: "C:\\Users\\beura\\AppData\\Local\\Temp\\hemtt\\Source_Viceroys-STALKER-ALife\\hemtt_binarize_output" } } } } } }, VfsPath { path: "", fs: VFS { fs: AltrootFS { root: VfsPath { path: "", fs: VFS { fs: PhysicalFS { root: "C:\\Source\\Viceroys-STALKER-ALife" } } } } } }] } } }
2026-01-29T02:39:34.653256Z TRACE ThreadId(01) Prefix: VfsPath { path: "/addons/vicstalker_wrecks/$PBOPREFIX$", fs: VFS { fs: OverlayFS { layers: [VfsPath { path: "", fs: VFS { fs: In Memory File System } }, VfsPath { path: "", fs: VFS { fs: AltrootFS { root: VfsPath { path: "", fs: VFS { fs: PhysicalFS { root: "C:\\Users\\beura\\AppData\\Local\\Temp\\hemtt\\Source_Viceroys-STALKER-ALife\\hemtt_binarize_output" } } } } } }, VfsPath { path: "", fs: VFS { fs: AltrootFS { root: VfsPath { path: "", fs: VFS { fs: PhysicalFS { root: "C:\\Source\\Viceroys-STALKER-ALife" } } } } } }] } } }
2026-01-29T02:39:34.654636Z TRACE ThreadId(01) config.cpp: VfsPath { path: "/addons/vicstalker_blowouts/config.cpp", fs: VFS { fs: OverlayFS { layers: [VfsPath { path: "", fs: VFS { fs: In Memory File System } }, VfsPath { path: "", fs: VFS { fs: AltrootFS { root: VfsPath { path: "", fs: VFS { fs: PhysicalFS { root: "C:\\Users\\beura\\AppData\\Local\\Temp\\hemtt\\Source_Viceroys-STALKER-ALife\\hemtt_binarize_output" } } } } } }, VfsPath { path: "", fs: VFS { fs: AltrootFS { root: VfsPath { path: "", fs: VFS { fs: PhysicalFS { root: "C:\\Source\\Viceroys-STALKER-ALife" } } } } } }] } } }
2026-01-29T02:39:34.654741Z TRACE ThreadId(01) Prefix: VfsPath { path: "/addons/vicstalker_blowouts/$PBOPREFIX$", fs: VFS { fs: OverlayFS { layers: [VfsPath { path: "", fs: VFS { fs: In Memory File System } }, VfsPath { path: "", fs: VFS { fs: AltrootFS { root: VfsPath { path: "", fs: VFS { fs: PhysicalFS { root: "C:\\Users\\beura\\AppData\\Local\\Temp\\hemtt\\Source_Viceroys-STALKER-ALife\\hemtt_binarize_output" } } } } } }, VfsPath { path: "", fs: VFS { fs: AltrootFS { root: VfsPath { path: "", fs: VFS { fs: PhysicalFS { root: "C:\\Source\\Viceroys-STALKER-ALife" } } } } } }] } } }
2026-01-29T02:39:34.656084Z TRACE ThreadId(01) Prefix: VfsPath { path: "/addons/main/$PBOPREFIX$", fs: VFS { fs: OverlayFS { layers: [VfsPath { path: "", fs: VFS { fs: In Memory File System } }, VfsPath { path: "", fs: VFS { fs: AltrootFS { root: VfsPath { path: "", fs: VFS { fs: PhysicalFS { root: "C:\\Users\\beura\\AppData\\Local\\Temp\\hemtt\\Source_Viceroys-STALKER-ALife\\hemtt_binarize_output" } } } } } }, VfsPath { path: "", fs: VFS { fs: AltrootFS { root: VfsPath { path: "", fs: VFS { fs: PhysicalFS { root: "C:\\Source\\Viceroys-STALKER-ALife" } } } } } }] } } }
2026-01-29T02:39:34.656411Z TRACE ThreadId(01) config.cpp: VfsPath { path: "/addons/main/config.cpp", fs: VFS { fs: OverlayFS { layers: [VfsPath { path: "", fs: VFS { fs: In Memory File System } }, VfsPath { path: "", fs: VFS { fs: AltrootFS { root: VfsPath { path: "", fs: VFS { fs: PhysicalFS { root: "C:\\Users\\beura\\AppData\\Local\\Temp\\hemtt\\Source_Viceroys-STALKER-ALife\\hemtt_binarize_output" } } } } } }, VfsPath { path: "", fs: VFS { fs: AltrootFS { root: VfsPath { path: "", fs: VFS { fs: PhysicalFS { root: "C:\\Source\\Viceroys-STALKER-ALife" } } } } } }] } } }
2026-01-29T02:39:34.656813Z TRACE ThreadId(01) Prefix: VfsPath { path: "/addons/vicstalker_stalkers/$PBOPREFIX$", fs: VFS { fs: OverlayFS { layers: [VfsPath { path: "", fs: VFS { fs: In Memory File System } }, VfsPath { path: "", fs: VFS { fs: AltrootFS { root: VfsPath { path: "", fs: VFS { fs: PhysicalFS { root: "C:\\Users\\beura\\AppData\\Local\\Temp\\hemtt\\Source_Viceroys-STALKER-ALife\\hemtt_binarize_output" } } } } } }, VfsPath { path: "", fs: VFS { fs: AltrootFS { root: VfsPath { path: "", fs: VFS { fs: PhysicalFS { root: "C:\\Source\\Viceroys-STALKER-ALife" } } } } } }] } } }
2026-01-29T02:39:34.657126Z TRACE ThreadId(01) config.cpp: VfsPath { path: "/addons/vicstalker_stalkers/config.cpp", fs: VFS { fs: OverlayFS { layers: [VfsPath { path: "", fs: VFS { fs: In Memory File System } }, VfsPath { path: "", fs: VFS { fs: AltrootFS { root: VfsPath { path: "", fs: VFS { fs: PhysicalFS { root: "C:\\Users\\beura\\AppData\\Local\\Temp\\hemtt\\Source_Viceroys-STALKER-ALife\\hemtt_binarize_output" } } } } } }, VfsPath { path: "", fs: VFS { fs: AltrootFS { root: VfsPath { path: "", fs: VFS { fs: PhysicalFS { root: "C:\\Source\\Viceroys-STALKER-ALife" } } } } } }] } } }
2026-01-29T02:39:34.659069Z TRACE ThreadId(01) config.cpp: VfsPath { path: "/addons/vicstalker_mutants/config.cpp", fs: VFS { fs: OverlayFS { layers: [VfsPath { path: "", fs: VFS { fs: In Memory File System } }, VfsPath { path: "", fs: VFS { fs: AltrootFS { root: VfsPath { path: "", fs: VFS { fs: PhysicalFS { root: "C:\\Users\\beura\\AppData\\Local\\Temp\\hemtt\\Source_Viceroys-STALKER-ALife\\hemtt_binarize_output" } } } } } }, VfsPath { path: "", fs: VFS { fs: AltrootFS { root: VfsPath { path: "", fs: VFS { fs: PhysicalFS { root: "C:\\Source\\Viceroys-STALKER-ALife" } } } } } }] } } }
2026-01-29T02:39:34.659261Z TRACE ThreadId(01) Prefix: VfsPath { path: "/addons/vicstalker_mutants/$PBOPREFIX$", fs: VFS { fs: OverlayFS { layers: [VfsPath { path: "", fs: VFS { fs: In Memory File System } }, VfsPath { path: "", fs: VFS { fs: AltrootFS { root: VfsPath { path: "", fs: VFS { fs: PhysicalFS { root: "C:\\Users\\beura\\AppData\\Local\\Temp\\hemtt\\Source_Viceroys-STALKER-ALife\\hemtt_binarize_output" } } } } } }, VfsPath { path: "", fs: VFS { fs: AltrootFS { root: VfsPath { path: "", fs: VFS { fs: PhysicalFS { root: "C:\\Source\\Viceroys-STALKER-ALife" } } } } } }] } } }
2026-01-29T02:39:34.663200Z TRACE ThreadId(01) config.cpp: VfsPath { path: "/addons/vicstalker_ai/config.cpp", fs: VFS { fs: OverlayFS { layers: [VfsPath { path: "", fs: VFS { fs: In Memory File System } }, VfsPath { path: "", fs: VFS { fs: AltrootFS { root: VfsPath { path: "", fs: VFS { fs: PhysicalFS { root: "C:\\Users\\beura\\AppData\\Local\\Temp\\hemtt\\Source_Viceroys-STALKER-ALife\\hemtt_binarize_output" } } } } } }, VfsPath { path: "", fs: VFS { fs: AltrootFS { root: VfsPath { path: "", fs: VFS { fs: PhysicalFS { root: "C:\\Source\\Viceroys-STALKER-ALife" } } } } } }] } } }
2026-01-29T02:39:34.663301Z TRACE ThreadId(01) Prefix: VfsPath { path: "/addons/vicstalker_ai/$PBOPREFIX$", fs: VFS { fs: OverlayFS { layers: [VfsPath { path: "", fs: VFS { fs: In Memory File System } }, VfsPath { path: "", fs: VFS { fs: AltrootFS { root: VfsPath { path: "", fs: VFS { fs: PhysicalFS { root: "C:\\Users\\beura\\AppData\\Local\\Temp\\hemtt\\Source_Viceroys-STALKER-ALife\\hemtt_binarize_output" } } } } } }, VfsPath { path: "", fs: VFS { fs: AltrootFS { root: VfsPath { path: "", fs: VFS { fs: PhysicalFS { root: "C:\\Source\\Viceroys-STALKER-ALife" } } } } } }] } } }
2026-01-29T02:39:34.664753Z TRACE ThreadId(01) Prefix: VfsPath { path: "/addons/vicstalker_minefields/$PBOPREFIX$", fs: VFS { fs: OverlayFS { layers: [VfsPath { path: "", fs: VFS { fs: In Memory File System } }, VfsPath { path: "", fs: VFS { fs: AltrootFS { root: VfsPath { path: "", fs: VFS { fs: PhysicalFS { root: "C:\\Users\\beura\\AppData\\Local\\Temp\\hemtt\\Source_Viceroys-STALKER-ALife\\hemtt_binarize_output" } } } } } }, VfsPath { path: "", fs: VFS { fs: AltrootFS { root: VfsPath { path: "", fs: VFS { fs: PhysicalFS { root: "C:\\Source\\Viceroys-STALKER-ALife" } } } } } }] } } }
2026-01-29T02:39:34.665075Z TRACE ThreadId(01) config.cpp: VfsPath { path: "/addons/vicstalker_minefields/config.cpp", fs: VFS { fs: OverlayFS { layers: [VfsPath { path: "", fs: VFS { fs: In Memory File System } }, VfsPath { path: "", fs: VFS { fs: AltrootFS { root: VfsPath { path: "", fs: VFS { fs: PhysicalFS { root: "C:\\Users\\beura\\AppData\\Local\\Temp\\hemtt\\Source_Viceroys-STALKER-ALife\\hemtt_binarize_output" } } } } } }, VfsPath { path: "", fs: VFS { fs: AltrootFS { root: VfsPath { path: "", fs: VFS { fs: PhysicalFS { root: "C:\\Source\\Viceroys-STALKER-ALife" } } } } } }] } } }
2026-01-29T02:39:34.667274Z TRACE ThreadId(01) config.cpp: VfsPath { path: "/addons/vicstalker_chemical/config.cpp", fs: VFS { fs: OverlayFS { layers: [VfsPath { path: "", fs: VFS { fs: In Memory File System } }, VfsPath { path: "", fs: VFS { fs: AltrootFS { root: VfsPath { path: "", fs: VFS { fs: PhysicalFS { root: "C:\\Users\\beura\\AppData\\Local\\Temp\\hemtt\\Source_Viceroys-STALKER-ALife\\hemtt_binarize_output" } } } } } }, VfsPath { path: "", fs: VFS { fs: AltrootFS { root: VfsPath { path: "", fs: VFS { fs: PhysicalFS { root: "C:\\Source\\Viceroys-STALKER-ALife" } } } } } }] } } }
2026-01-29T02:39:34.667458Z TRACE ThreadId(01) Prefix: VfsPath { path: "/addons/vicstalker_chemical/$PBOPREFIX$", fs: VFS { fs: OverlayFS { layers: [VfsPath { path: "", fs: VFS { fs: In Memory File System } }, VfsPath { path: "", fs: VFS { fs: AltrootFS { root: VfsPath { path: "", fs: VFS { fs: PhysicalFS { root: "C:\\Users\\beura\\AppData\\Local\\Temp\\hemtt\\Source_Viceroys-STALKER-ALife\\hemtt_binarize_output" } } } } } }, VfsPath { path: "", fs: VFS { fs: AltrootFS { root: VfsPath { path: "", fs: VFS { fs: PhysicalFS { root: "C:\\Source\\Viceroys-STALKER-ALife" } } } } } }] } } }
2026-01-29T02:39:34.669524Z TRACE ThreadId(01) Prefix: VfsPath { path: "/addons/vicstalker_antistasi/$PBOPREFIX$", fs: VFS { fs: OverlayFS { layers: [VfsPath { path: "", fs: VFS { fs: In Memory File System } }, VfsPath { path: "", fs: VFS { fs: AltrootFS { root: VfsPath { path: "", fs: VFS { fs: PhysicalFS { root: "C:\\Users\\beura\\AppData\\Local\\Temp\\hemtt\\Source_Viceroys-STALKER-ALife\\hemtt_binarize_output" } } } } } }, VfsPath { path: "", fs: VFS { fs: AltrootFS { root: VfsPath { path: "", fs: VFS { fs: PhysicalFS { root: "C:\\Source\\Viceroys-STALKER-ALife" } } } } } }] } } }
2026-01-29T02:39:34.669837Z TRACE ThreadId(01) config.cpp: VfsPath { path: "/addons/vicstalker_antistasi/config.cpp", fs: VFS { fs: OverlayFS { layers: [VfsPath { path: "", fs: VFS { fs: In Memory File System } }, VfsPath { path: "", fs: VFS { fs: AltrootFS { root: VfsPath { path: "", fs: VFS { fs: PhysicalFS { root: "C:\\Users\\beura\\AppData\\Local\\Temp\\hemtt\\Source_Viceroys-STALKER-ALife\\hemtt_binarize_output" } } } } } }, VfsPath { path: "", fs: VFS { fs: AltrootFS { root: VfsPath { path: "", fs: VFS { fs: PhysicalFS { root: "C:\\Source\\Viceroys-STALKER-ALife" } } } } } }] } } }
2026-01-29T02:39:34.671398Z TRACE ThreadId(01) Prefix: VfsPath { path: "/addons/vicstalker_anomalies/$PBOPREFIX$", fs: VFS { fs: OverlayFS { layers: [VfsPath { path: "", fs: VFS { fs: In Memory File System } }, VfsPath { path: "", fs: VFS { fs: AltrootFS { root: VfsPath { path: "", fs: VFS { fs: PhysicalFS { root: "C:\\Users\\beura\\AppData\\Local\\Temp\\hemtt\\Source_Viceroys-STALKER-ALife\\hemtt_binarize_output" } } } } } }, VfsPath { path: "", fs: VFS { fs: AltrootFS { root: VfsPath { path: "", fs: VFS { fs: PhysicalFS { root: "C:\\Source\\Viceroys-STALKER-ALife" } } } } } }] } } }
2026-01-29T02:39:34.671706Z TRACE ThreadId(01) config.cpp: VfsPath { path: "/addons/vicstalker_anomalies/config.cpp", fs: VFS { fs: OverlayFS { layers: [VfsPath { path: "", fs: VFS { fs: In Memory File System } }, VfsPath { path: "", fs: VFS { fs: AltrootFS { root: VfsPath { path: "", fs: VFS { fs: PhysicalFS { root: "C:\\Users\\beura\\AppData\\Local\\Temp\\hemtt\\Source_Viceroys-STALKER-ALife\\hemtt_binarize_output" } } } } } }, VfsPath { path: "", fs: VFS { fs: AltrootFS { root: VfsPath { path: "", fs: VFS { fs: PhysicalFS { root: "C:\\Source\\Viceroys-STALKER-ALife" } } } } } }] } } }
2026-01-29T02:39:34.676725Z TRACE ThreadId(01) config.cpp: VfsPath { path: "/addons/vicstalker_spooks/config.cpp", fs: VFS { fs: OverlayFS { layers: [VfsPath { path: "", fs: VFS { fs: In Memory File System } }, VfsPath { path: "", fs: VFS { fs: AltrootFS { root: VfsPath { path: "", fs: VFS { fs: PhysicalFS { root: "C:\\Users\\beura\\AppData\\Local\\Temp\\hemtt\\Source_Viceroys-STALKER-ALife\\hemtt_binarize_output" } } } } } }, VfsPath { path: "", fs: VFS { fs: AltrootFS { root: VfsPath { path: "", fs: VFS { fs: PhysicalFS { root: "C:\\Source\\Viceroys-STALKER-ALife" } } } } } }] } } }
2026-01-29T02:39:34.676907Z TRACE ThreadId(01) Prefix: VfsPath { path: "/addons/vicstalker_spooks/$PBOPREFIX$", fs: VFS { fs: OverlayFS { layers: [VfsPath { path: "", fs: VFS { fs: In Memory File System } }, VfsPath { path: "", fs: VFS { fs: AltrootFS { root: VfsPath { path: "", fs: VFS { fs: PhysicalFS { root: "C:\\Users\\beura\\AppData\\Local\\Temp\\hemtt\\Source_Viceroys-STALKER-ALife\\hemtt_binarize_output" } } } } } }, VfsPath { path: "", fs: VFS { fs: AltrootFS { root: VfsPath { path: "", fs: VFS { fs: PhysicalFS { root: "C:\\Source\\Viceroys-STALKER-ALife" } } } } } }] } } }
2026-01-29T02:39:34.678202Z TRACE ThreadId(01) config.cpp: VfsPath { path: "/addons/vicstalker_storms/config.cpp", fs: VFS { fs: OverlayFS { layers: [VfsPath { path: "", fs: VFS { fs: In Memory File System } }, VfsPath { path: "", fs: VFS { fs: AltrootFS { root: VfsPath { path: "", fs: VFS { fs: PhysicalFS { root: "C:\\Users\\beura\\AppData\\Local\\Temp\\hemtt\\Source_Viceroys-STALKER-ALife\\hemtt_binarize_output" } } } } } }, VfsPath { path: "", fs: VFS { fs: AltrootFS { root: VfsPath { path: "", fs: VFS { fs: PhysicalFS { root: "C:\\Source\\Viceroys-STALKER-ALife" } } } } } }] } } }
2026-01-29T02:39:34.678305Z TRACE ThreadId(01) Prefix: VfsPath { path: "/addons/vicstalker_storms/$PBOPREFIX$", fs: VFS { fs: OverlayFS { layers: [VfsPath { path: "", fs: VFS { fs: In Memory File System } }, VfsPath { path: "", fs: VFS { fs: AltrootFS { root: VfsPath { path: "", fs: VFS { fs: PhysicalFS { root: "C:\\Users\\beura\\AppData\\Local\\Temp\\hemtt\\Source_Viceroys-STALKER-ALife\\hemtt_binarize_output" } } } } } }, VfsPath { path: "", fs: VFS { fs: AltrootFS { root: VfsPath { path: "", fs: VFS { fs: PhysicalFS { root: "C:\\Source\\Viceroys-STALKER-ALife" } } } } } }] } } }
2026-01-29T02:39:34.679548Z TRACE ThreadId(01) config.cpp: VfsPath { path: "/addons/vicstalker_ambushes/config.cpp", fs: VFS { fs: OverlayFS { layers: [VfsPath { path: "", fs: VFS { fs: In Memory File System } }, VfsPath { path: "", fs: VFS { fs: AltrootFS { root: VfsPath { path: "", fs: VFS { fs: PhysicalFS { root: "C:\\Users\\beura\\AppData\\Local\\Temp\\hemtt\\Source_Viceroys-STALKER-ALife\\hemtt_binarize_output" } } } } } }, VfsPath { path: "", fs: VFS { fs: AltrootFS { root: VfsPath { path: "", fs: VFS { fs: PhysicalFS { root: "C:\\Source\\Viceroys-STALKER-ALife" } } } } } }] } } }
2026-01-29T02:39:34.679730Z TRACE ThreadId(01) Prefix: VfsPath { path: "/addons/vicstalker_ambushes/$PBOPREFIX$", fs: VFS { fs: OverlayFS { layers: [VfsPath { path: "", fs: VFS { fs: In Memory File System } }, VfsPath { path: "", fs: VFS { fs: AltrootFS { root: VfsPath { path: "", fs: VFS { fs: PhysicalFS { root: "C:\\Users\\beura\\AppData\\Local\\Temp\\hemtt\\Source_Viceroys-STALKER-ALife\\hemtt_binarize_output" } } } } } }, VfsPath { path: "", fs: VFS { fs: AltrootFS { root: VfsPath { path: "", fs: VFS { fs: PhysicalFS { root: "C:\\Source\\Viceroys-STALKER-ALife" } } } } } }] } } }
2026-01-29T02:39:34.681087Z TRACE ThreadId(01) Prefix: VfsPath { path: "/addons/vicstalker_core/$PBOPREFIX$", fs: VFS { fs: OverlayFS { layers: [VfsPath { path: "", fs: VFS { fs: In Memory File System } }, VfsPath { path: "", fs: VFS { fs: AltrootFS { root: VfsPath { path: "", fs: VFS { fs: PhysicalFS { root: "C:\\Users\\beura\\AppData\\Local\\Temp\\hemtt\\Source_Viceroys-STALKER-ALife\\hemtt_binarize_output" } } } } } }, VfsPath { path: "", fs: VFS { fs: AltrootFS { root: VfsPath { path: "", fs: VFS { fs: PhysicalFS { root: "C:\\Source\\Viceroys-STALKER-ALife" } } } } } }] } } }
2026-01-29T02:39:34.681650Z TRACE ThreadId(01) config.cpp: VfsPath { path: "/addons/vicstalker_core/config.cpp", fs: VFS { fs: OverlayFS { layers: [VfsPath { path: "", fs: VFS { fs: In Memory File System } }, VfsPath { path: "", fs: VFS { fs: AltrootFS { root: VfsPath { path: "", fs: VFS { fs: PhysicalFS { root: "C:\\Users\\beura\\AppData\\Local\\Temp\\hemtt\\Source_Viceroys-STALKER-ALife\\hemtt_binarize_output" } } } } } }, VfsPath { path: "", fs: VFS { fs: AltrootFS { root: VfsPath { path: "", fs: VFS { fs: PhysicalFS { root: "C:\\Source\\Viceroys-STALKER-ALife" } } } } } }] } } }
2026-01-29T02:39:34.689847Z TRACE ThreadId(01) Prefix: VfsPath { path: "/addons/vicstalker_necroplague/$PBOPREFIX$", fs: VFS { fs: OverlayFS { layers: [VfsPath { path: "", fs: VFS { fs: In Memory File System } }, VfsPath { path: "", fs: VFS { fs: AltrootFS { root: VfsPath { path: "", fs: VFS { fs: PhysicalFS { root: "C:\\Users\\beura\\AppData\\Local\\Temp\\hemtt\\Source_Viceroys-STALKER-ALife\\hemtt_binarize_output" } } } } } }, VfsPath { path: "", fs: VFS { fs: AltrootFS { root: VfsPath { path: "", fs: VFS { fs: PhysicalFS { root: "C:\\Source\\Viceroys-STALKER-ALife" } } } } } }] } } }
2026-01-29T02:39:34.690335Z TRACE ThreadId(01) config.cpp: VfsPath { path: "/addons/vicstalker_necroplague/config.cpp", fs: VFS { fs: OverlayFS { layers: [VfsPath { path: "", fs: VFS { fs: In Memory File System } }, VfsPath { path: "", fs: VFS { fs: AltrootFS { root: VfsPath { path: "", fs: VFS { fs: PhysicalFS { root: "C:\\Users\\beura\\AppData\\Local\\Temp\\hemtt\\Source_Viceroys-STALKER-ALife\\hemtt_binarize_output" } } } } } }, VfsPath { path: "", fs: VFS { fs: AltrootFS { root: VfsPath { path: "", fs: VFS { fs: PhysicalFS { root: "C:\\Source\\Viceroys-STALKER-ALife" } } } } } }] } } }
2026-01-29T02:39:34.691049Z TRACE ThreadId(01) reading version from project.toml
2026-01-29T02:39:34.699183Z  INFO ThreadId(01) Config loaded for Viceroy's STALKER ALife 1.0.0.0-6b9aadfe
2026-01-29T02:39:34.699267Z TRACE ThreadId(01) Scanning C:\Source\Viceroys-STALKER-ALife\addons for addons
2026-01-29T02:39:34.703818Z DEBUG ThreadId(01) using global config directory: "C:\\Users\\beura\\AppData\\Roaming\\hemtt"
2026-01-29T02:39:34.704014Z  INFO ThreadId(01) Running checks
2026-01-29T02:39:34.704036Z TRACE ThreadId(01) phase: init (BOM Check) (start)
2026-01-29T02:39:34.704047Z TRACE ThreadId(01) phase: init (BOM Check) (done)
2026-01-29T02:39:34.704051Z TRACE ThreadId(01) phase: init (Final New Line Check) (start)
2026-01-29T02:39:34.704055Z TRACE ThreadId(01) phase: init (Final New Line Check) (done)
2026-01-29T02:39:34.704059Z TRACE ThreadId(01) phase: init (git) (start)
2026-01-29T02:39:34.704063Z TRACE ThreadId(01) phase: init (git) (done)
2026-01-29T02:39:34.704067Z TRACE ThreadId(01) phase: init (Hooks) (start)
2026-01-29T02:39:34.704112Z TRACE ThreadId(01) no hooks folder
2026-01-29T02:39:34.704117Z TRACE ThreadId(01) phase: init (Hooks) (done)
2026-01-29T02:39:34.704121Z TRACE ThreadId(01) phase: init (Binarize) (start)
2026-01-29T02:39:34.704128Z TRACE ThreadId(01) phase: init (Binarize) (done)
2026-01-29T02:39:34.704132Z TRACE ThreadId(01) phase: init (Rapifier) (start)
2026-01-29T02:39:34.704136Z TRACE ThreadId(01) phase: init (Rapifier) (done)
2026-01-29T02:39:34.704140Z TRACE ThreadId(01) phase: init (SQF) (start)
2026-01-29T02:39:35.225700Z TRACE ThreadId(01) phase: init (SQF) (done)
2026-01-29T02:39:35.225720Z TRACE ThreadId(01) phase: init (Stringtables) (start)
2026-01-29T02:39:35.225725Z TRACE ThreadId(01) phase: init (Stringtables) (done)
2026-01-29T02:39:35.225730Z TRACE ThreadId(01) phase: check (BOM Check) (start)
2026-01-29T02:39:35.236617Z TRACE ThreadId(01) phase: check (BOM Check) (done)
2026-01-29T02:39:35.236630Z TRACE ThreadId(01) phase: check (Final New Line Check) (start)
2026-01-29T02:39:35.247725Z TRACE ThreadId(01) phase: check (Final New Line Check) (done)
2026-01-29T02:39:35.247736Z TRACE ThreadId(01) phase: check (git) (start)
2026-01-29T02:39:35.279688Z TRACE ThreadId(01) phase: check (git) (done)
2026-01-29T02:39:35.279708Z TRACE ThreadId(01) phase: check (Hooks) (start)
2026-01-29T02:39:35.279713Z TRACE ThreadId(01) phase: check (Hooks) (done)
2026-01-29T02:39:35.279717Z TRACE ThreadId(01) phase: check (Binarize) (start)
2026-01-29T02:39:35.337313Z  INFO ThreadId(01) Validated 0 files for binarization
2026-01-29T02:39:35.337333Z TRACE ThreadId(01) phase: check (Binarize) (done)
2026-01-29T02:39:35.337338Z TRACE ThreadId(01) phase: check (Rapifier) (start)
2026-01-29T02:39:35.337393Z TRACE ThreadId(01) phase: check (Rapifier) (done)
2026-01-29T02:39:35.337398Z TRACE ThreadId(01) phase: check (SQF) (start)
2026-01-29T02:39:35.337460Z TRACE ThreadId(01) phase: check (SQF) (done)
2026-01-29T02:39:35.337464Z TRACE ThreadId(01) phase: check (Stringtables) (start)
2026-01-29T02:39:35.337491Z TRACE ThreadId(01) phase: check (Stringtables) (done)
2026-01-29T02:39:35.337555Z TRACE ThreadId(01) phase: pre_build (BOM Check) (start)
2026-01-29T02:39:35.337562Z TRACE ThreadId(01) phase: pre_build (BOM Check) (done)
2026-01-29T02:39:35.337566Z TRACE ThreadId(01) phase: pre_build (Final New Line Check) (start)
2026-01-29T02:39:35.337570Z TRACE ThreadId(01) phase: pre_build (Final New Line Check) (done)
2026-01-29T02:39:35.337574Z TRACE ThreadId(01) phase: pre_build (git) (start)
2026-01-29T02:39:35.337578Z TRACE ThreadId(01) phase: pre_build (git) (done)
2026-01-29T02:39:35.337582Z TRACE ThreadId(01) phase: pre_build (Hooks) (start)
2026-01-29T02:39:35.337588Z TRACE ThreadId(01) phase: pre_build (Hooks) (done)
2026-01-29T02:39:35.337592Z TRACE ThreadId(01) phase: pre_build (Binarize) (start)
2026-01-29T02:39:35.337598Z TRACE ThreadId(01) phase: pre_build (Binarize) (done)
2026-01-29T02:39:35.337602Z TRACE ThreadId(01) phase: pre_build (Rapifier) (start)
2026-01-29T02:39:35.409363Z  INFO ThreadId(01) Rapified 17 addon configs
2026-01-29T02:39:35.409443Z TRACE ThreadId(01) phase: pre_build (Rapifier) (done)
2026-01-29T02:39:35.409454Z TRACE ThreadId(01) phase: pre_build (SQF) (start)
2026-01-29T02:39:35.499076Z TRACE ThreadId(04) sqf compiling /addons/vicstalker_core/functions/core/fn_loadCache.sqf
2026-01-29T02:39:35.499076Z TRACE ThreadId(14) sqf compiling /addons/vicstalker_anomalies/functions/anomalies/fn_activateSite.sqf
2026-01-29T02:39:35.499076Z TRACE ThreadId(11) sqf compiling /addons/vicstalker_core/functions/core/fn_hasPlayersNearby.sqf
2026-01-29T02:39:35.499076Z TRACE ThreadId(10) sqf compiling /addons/vicstalker_ambushes/functions/ambushes/fn_manageAmbushes.sqf
2026-01-29T02:39:35.499076Z TRACE ThreadId(09) sqf compiling /addons/vicstalker_anomalies/functions/anomalies/fn_cycleAnomalyFields.sqf
2026-01-29T02:39:35.499076Z TRACE ThreadId(05) sqf compiling /addons/vicstalker_antistasi/functions/antistasi/fn_startArtefactHunt.sqf
2026-01-29T02:39:35.499077Z TRACE ThreadId(03) sqf compiling /addons/vicstalker_ai/functions/ai/fn_triggerAIPanic.sqf
2026-01-29T02:39:35.499077Z TRACE ThreadId(13) sqf compiling /addons/vicstalker_core/functions/core/fn_findBeachesInMap.sqf
2026-01-29T02:39:35.499077Z TRACE ThreadId(08) sqf compiling /addons/vicstalker_mutants/functions/mutants/fn_spawnAcidSmasherNest.sqf
2026-01-29T02:39:35.499077Z TRACE ThreadId(06) sqf compiling /addons/vicstalker_anomalies/functions/anomalies/fields/fn_createField_meatgrinder.sqf
2026-01-29T02:39:35.499077Z TRACE ThreadId(07) sqf compiling /addons/vicstalker_core/functions/core/fn_findRandomRoadPosition.sqf
2026-01-29T02:39:35.499077Z TRACE ThreadId(12) sqf compiling /addons/vicstalker_chemical/functions/chemical/fn_findValleyPosition.sqf
2026-01-29T02:39:35.505566Z TRACE ThreadId(08) sqf compiling /addons/vicstalker_mutants/functions/mutants/fn_spawnControllerNest.sqf
2026-01-29T02:39:35.506238Z TRACE ThreadId(11) sqf compiling /addons/vicstalker_core/functions/core/fn_markSniperSpots.sqf
2026-01-29T02:39:35.506855Z TRACE ThreadId(04) sqf compiling /addons/vicstalker_core/functions/core/fn_markSwamps.sqf
2026-01-29T02:39:35.509813Z TRACE ThreadId(07) sqf compiling /addons/vicstalker_core/functions/core/fn_findLandPos.sqf
2026-01-29T02:39:35.509995Z TRACE ThreadId(08) sqf compiling /addons/vicstalker_mutants/functions/mutants/fn_spawnBoarNest.sqf
2026-01-29T02:39:35.511578Z TRACE ThreadId(05) sqf compiling /addons/vicstalker_antistasi/functions/antistasi/fn_isAntistasiUltimate.sqf
2026-01-29T02:39:35.513404Z TRACE ThreadId(11) sqf compiling /addons/vicstalker_core/functions/core/fn_createProximityAnchor.sqf
2026-01-29T02:39:35.513853Z TRACE ThreadId(04) sqf compiling /addons/vicstalker_core/functions/core/fn_weightedPick.sqf
2026-01-29T02:39:35.514076Z TRACE ThreadId(08) sqf compiling /addons/vicstalker_mutants/functions/mutants/fn_spawnPseudogiantNest.sqf
2026-01-29T02:39:35.515396Z TRACE ThreadId(14) sqf compiling /addons/vicstalker_anomalies/functions/anomalies/fn_spawnBridgeAnomalyFields.sqf
2026-01-29T02:39:35.516024Z TRACE ThreadId(12) sqf compiling /addons/vicstalker_chemical/functions/chemical/fn_onEmissionEnd.sqf
2026-01-29T02:39:35.516543Z TRACE ThreadId(11) sqf compiling /addons/vicstalker_core/functions/core/fn_placeCachedMarkers.sqf
2026-01-29T02:39:35.516857Z TRACE ThreadId(05) sqf compiling /addons/vicstalker_antistasi/functions/antistasi/fn_disableWeather.sqf
2026-01-29T02:39:35.518025Z TRACE ThreadId(13) sqf compiling /addons/vicstalker_core/functions/core/fn_sendServerState.sqf
2026-01-29T02:39:35.518150Z TRACE ThreadId(12) sqf compiling /addons/vicstalker_chemical/functions/chemical/fn_manageChemicalZones.sqf
2026-01-29T02:39:35.518696Z TRACE ThreadId(04) sqf compiling /addons/vicstalker_core/functions/core/fn_findBuildingClusters.sqf
2026-01-29T02:39:35.518949Z TRACE ThreadId(08) sqf compiling /addons/vicstalker_mutants/functions/mutants/fn_manageNests.sqf
2026-01-29T02:39:35.519396Z TRACE ThreadId(06) sqf compiling /addons/vicstalker_anomalies/functions/anomalies/fields/fn_createField_fruitpunch.sqf
2026-01-29T02:39:35.520921Z TRACE ThreadId(11) sqf compiling /addons/vicstalker_core/functions/core/fn_regenMapPoints.sqf
2026-01-29T02:39:35.521542Z TRACE ThreadId(05) sqf compiling /addons/vicstalker_blowouts/functions/blowouts/fn_triggerBlowout.sqf
2026-01-29T02:39:35.523039Z TRACE ThreadId(07) sqf compiling /addons/vicstalker_core/functions/core/fn_findRoadPosition.sqf
2026-01-29T02:39:35.525414Z TRACE ThreadId(05) sqf compiling /addons/vicstalker_blowouts/functions/blowouts/fn_scheduleBlowouts.sqf
2026-01-29T02:39:35.526714Z TRACE ThreadId(09) sqf compiling /addons/vicstalker_anomalies/functions/anomalies/fn_manageAnomalyFields.sqf
2026-01-29T02:39:35.527968Z TRACE ThreadId(07) sqf compiling /addons/vicstalker_core/functions/core/fn_findRockClusters.sqf
2026-01-29T02:39:35.532211Z TRACE ThreadId(11) sqf compiling /addons/vicstalker_core/functions/core/fn_findLandZones.sqf
2026-01-29T02:39:35.532960Z TRACE ThreadId(12) sqf compiling /addons/vicstalker_chemical/functions/chemical/fn_spawnValleyChemicalFields.sqf
2026-01-29T02:39:35.537906Z TRACE ThreadId(04) sqf compiling /addons/vicstalker_core/functions/core/fn_markSitesOverlay.sqf
2026-01-29T02:39:35.538294Z TRACE ThreadId(03) sqf compiling /addons/vicstalker_ai/functions/ai/fn_toggleFieldAvoid.sqf
2026-01-29T02:39:35.539279Z TRACE ThreadId(05) sqf compiling /addons/vicstalker_blowouts/functions/blowouts/fn_placeTownSirens.sqf
2026-01-29T02:39:35.540242Z TRACE ThreadId(08) sqf compiling /addons/vicstalker_mutants/functions/mutants/fn_spawnBlindDogNest.sqf
2026-01-29T02:39:35.540814Z TRACE ThreadId(14) sqf compiling /addons/vicstalker_anomalies/functions/anomalies/fields/fn_createField_clicker.sqf
2026-01-29T02:39:35.544854Z TRACE ThreadId(03) sqf compiling /addons/vicstalker_ai/functions/ai/fn_resetAIBehavior.sqf
2026-01-29T02:39:35.546645Z TRACE ThreadId(06) sqf compiling /addons/vicstalker_anomalies/functions/anomalies/fields/fn_createField_whirligig.sqf
2026-01-29T02:39:35.568933Z TRACE ThreadId(07) sqf compiling /addons/vicstalker_core/functions/core/fn_initManagers.sqf
2026-01-29T02:39:35.569470Z TRACE ThreadId(08) sqf compiling /addons/vicstalker_mutants/functions/mutants/fn_setupMutantHabitats.sqf
2026-01-29T02:39:35.569567Z TRACE ThreadId(11) sqf compiling /addons/vicstalker_minefields/functions/minefields/fn_manageBoobyTraps.sqf
2026-01-29T02:39:35.570559Z TRACE ThreadId(09) sqf compiling /addons/vicstalker_anomalies/functions/anomalies/fn_onEmissionEnd.sqf
2026-01-29T02:39:35.571810Z TRACE ThreadId(05) sqf compiling /addons/vicstalker_chemical/functions/chemical/fn_spawnValleyChemicalZones.sqf
2026-01-29T02:39:35.575616Z TRACE ThreadId(09) sqf compiling /addons/vicstalker_anomalies/functions/anomalies/fn_cleanupAnomalyMarkers.sqf
2026-01-29T02:39:35.582435Z TRACE ThreadId(03) sqf compiling /addons/vicstalker_ai/functions/ai/fn_avoidAnomalies.sqf
2026-01-29T02:39:35.586883Z TRACE ThreadId(14) sqf compiling /addons/vicstalker_anomalies/functions/anomalies/fields/fn_createField_electra.sqf
2026-01-29T02:39:35.588507Z TRACE ThreadId(09) sqf compiling /addons/vicstalker_anomalies/functions/anomalies/fn_onEmissionBuildUp.sqf
2026-01-29T02:39:35.593268Z TRACE ThreadId(09) sqf compiling /addons/vicstalker_anomalies/functions/anomalies/fn_onEmissionStart.sqf
2026-01-29T02:39:35.596400Z TRACE ThreadId(06) sqf compiling /addons/vicstalker_anomalies/functions/anomalies/fields/fn_createField_zapper.sqf
2026-01-29T02:39:35.598473Z TRACE ThreadId(09) sqf compiling /addons/vicstalker_core/functions/core/fn_markHiddenPosition.sqf
2026-01-29T02:39:35.598879Z TRACE ThreadId(10) sqf compiling /addons/vicstalker_ambushes/functions/ambushes/fn_startAmbushManager.sqf
2026-01-29T02:39:35.636075Z TRACE ThreadId(10) sqf compiling /addons/vicstalker_anomalies/functions/anomalies/fn_setupAnomalyFields.sqf
2026-01-29T02:39:35.636170Z TRACE ThreadId(09) sqf compiling /addons/vicstalker_core/functions/core/fn_findBridges.sqf
2026-01-29T02:39:35.636230Z TRACE ThreadId(07) sqf compiling /addons/vicstalker_core/functions/core/fn_callServerHelper.sqf
2026-01-29T02:39:35.636280Z TRACE ThreadId(11) sqf compiling /addons/vicstalker_minefields/functions/minefields/fn_startIEDManager.sqf
2026-01-29T02:39:35.637870Z TRACE ThreadId(04) sqf compiling /addons/vicstalker_core/functions/core/fn_markRoads.sqf
2026-01-29T02:39:35.645068Z TRACE ThreadId(03) sqf compiling /addons/vicstalker_ai/functions/ai/fn_avoidAnomalyFields.sqf
2026-01-29T02:39:35.683415Z TRACE ThreadId(07) sqf compiling /addons/vicstalker_core/functions/core/fn_setupDebugActions.sqf
2026-01-29T02:39:35.683477Z TRACE ThreadId(11) sqf compiling /addons/vicstalker_minefields/functions/minefields/fn_spawnAPERSField.sqf
2026-01-29T02:39:35.683675Z TRACE ThreadId(09) sqf compiling /addons/vicstalker_core/functions/core/fn_markLandZones.sqf
2026-01-29T02:39:35.683687Z TRACE ThreadId(06) sqf compiling /addons/vicstalker_anomalies/functions/anomalies/fields/fn_createField_burner.sqf
2026-01-29T02:39:35.685154Z TRACE ThreadId(05) sqf compiling /addons/vicstalker_chemical/functions/chemical/fn_expandValley.sqf
2026-01-29T02:39:35.685832Z TRACE ThreadId(04) sqf compiling /addons/vicstalker_core/functions/core/fn_isWaterPosition.sqf
2026-01-29T02:39:35.690223Z TRACE ThreadId(14) sqf compiling /addons/vicstalker_anomalies/functions/anomalies/fields/fn_createField_bridgeAnomaly.sqf
2026-01-29T02:39:35.695642Z TRACE ThreadId(12) sqf compiling /addons/vicstalker_chemical/functions/chemical/fn_spawnChemicalZone.sqf
2026-01-29T02:39:35.705254Z TRACE ThreadId(04) sqf compiling /addons/vicstalker_core/functions/core/fn_findLandPosition.sqf
2026-01-29T02:39:35.707671Z TRACE ThreadId(03) sqf compiling /addons/vicstalker_ambushes/functions/ambushes/fn_spawnAmbushes.sqf
2026-01-29T02:39:35.711041Z TRACE ThreadId(09) sqf compiling /addons/vicstalker_core/functions/core/fn_initMap.sqf
2026-01-29T02:39:35.717049Z TRACE ThreadId(05) sqf compiling /addons/vicstalker_chemical/functions/chemical/fn_cleanupChemicalZones.sqf
2026-01-29T02:39:35.717701Z TRACE ThreadId(11) sqf compiling /addons/vicstalker_minefields/functions/minefields/fn_activateSite.sqf
2026-01-29T02:39:35.721628Z TRACE ThreadId(13) sqf compiling /addons/vicstalker_core/functions/core/fn_callServer.sqf
2026-01-29T02:39:35.735831Z TRACE ThreadId(05) sqf compiling /addons/vicstalker_chemical/functions/chemical/fn_onEmissionStart.sqf
2026-01-29T02:39:35.737774Z TRACE ThreadId(13) sqf compiling /addons/vicstalker_minefields/functions/minefields/fn_registerMinefield.sqf
2026-01-29T02:39:35.739632Z TRACE ThreadId(05) sqf compiling /addons/vicstalker_chemical/functions/chemical/fn_activateSite.sqf
2026-01-29T02:39:35.739678Z TRACE ThreadId(12) sqf compiling /addons/vicstalker_core/cba_settings.sqf
2026-01-29T02:39:35.742553Z TRACE ThreadId(04) sqf compiling /addons/vicstalker_core/functions/core/fn_markBeaches.sqf
2026-01-29T02:39:35.764537Z TRACE ThreadId(05) sqf compiling /addons/vicstalker_chemical/functions/chemical/fn_deactivateSite.sqf
2026-01-29T02:39:35.764683Z TRACE ThreadId(03) sqf compiling /addons/vicstalker_anomalies/functions/anomalies/find_sites/fn_findSite_meatgrinder.sqf
2026-01-29T02:39:35.765653Z TRACE ThreadId(06) sqf compiling /addons/vicstalker_anomalies/functions/anomalies/fields/fn_createField_razor.sqf
2026-01-29T02:39:35.765912Z TRACE ThreadId(11) sqf compiling /addons/vicstalker_minefields/functions/minefields/fn_spawnMinefields.sqf
2026-01-29T02:39:35.765925Z TRACE ThreadId(13) sqf compiling /addons/vicstalker_minefields/functions/minefields/fn_manageIEDSites.sqf
2026-01-29T02:39:35.766082Z TRACE ThreadId(04) sqf compiling /addons/vicstalker_core/functions/core/fn_getRandomRoad.sqf
2026-01-29T02:39:35.777453Z TRACE ThreadId(03) sqf compiling /addons/vicstalker_anomalies/functions/anomalies/find_sites/fn_findSite_clicker.sqf
2026-01-29T02:39:35.780002Z TRACE ThreadId(04) sqf compiling /addons/vicstalker_core/functions/core/fn_applyServerState.sqf
2026-01-29T02:39:35.780627Z TRACE ThreadId(05) sqf compiling /addons/vicstalker_chemical/functions/chemical/fn_spawnRandomChemicalZones.sqf
2026-01-29T02:39:35.790577Z TRACE ThreadId(03) sqf compiling /addons/vicstalker_anomalies/functions/anomalies/find_sites/fn_findSite_razor.sqf
2026-01-29T02:39:35.818655Z TRACE ThreadId(06) sqf compiling /addons/vicstalker_anomalies/functions/anomalies/fields/fn_createField_springboard.sqf
2026-01-29T02:39:35.818812Z TRACE ThreadId(09) sqf compiling /addons/vicstalker_anomalies/functions/anomalies/find_sites/fn_findSite_electra.sqf
2026-01-29T02:39:35.821968Z TRACE ThreadId(03) sqf compiling /addons/vicstalker_anomalies/functions/anomalies/find_sites/fn_findSite_burner.sqf
2026-01-29T02:39:35.827146Z TRACE ThreadId(10) sqf compiling /addons/vicstalker_anomalies/functions/anomalies/fn_generateFieldName.sqf
2026-01-29T02:39:35.829106Z TRACE ThreadId(05) sqf compiling /addons/vicstalker_anomalies/functions/anomalies/find_sites/fn_findSite_launchpad.sqf
2026-01-29T02:39:35.840174Z TRACE ThreadId(09) sqf compiling /addons/vicstalker_anomalies/functions/anomalies/find_sites/fn_findSite_fruitpunch.sqf
2026-01-29T02:39:35.841725Z TRACE ThreadId(05) sqf compiling /addons/vicstalker_anomalies/functions/anomalies/find_sites/fn_findSite_bridge.sqf
2026-01-29T02:39:35.842263Z TRACE ThreadId(13) sqf compiling /addons/vicstalker_minefields/functions/minefields/fn_manageMinefields.sqf
2026-01-29T02:39:35.842620Z TRACE ThreadId(03) sqf compiling /addons/vicstalker_anomalies/functions/anomalies/find_sites/fn_findSite_gravi.sqf
2026-01-29T02:39:35.842651Z TRACE ThreadId(04) sqf compiling /addons/vicstalker_core/functions/core/fn_createGlobalMarker.sqf
2026-01-29T02:39:35.852860Z TRACE ThreadId(09) sqf compiling /addons/vicstalker_anomalies/functions/anomalies/fields/fn_createField_trapdoor.sqf
2026-01-29T02:39:35.857320Z TRACE ThreadId(03) sqf compiling /addons/vicstalker_anomalies/functions/anomalies/find_sites/fn_findSite_springboard.sqf
2026-01-29T02:39:35.863013Z TRACE ThreadId(05) sqf compiling /addons/vicstalker_minefields/functions/minefields/fn_spawnTripwirePerimeter.sqf
2026-01-29T02:39:35.865836Z TRACE ThreadId(04) sqf compiling /addons/vicstalker_core/functions/core/fn_registerEmissionHooks.sqf
2026-01-29T02:39:35.867970Z TRACE ThreadId(03) sqf compiling /addons/vicstalker_anomalies/functions/anomalies/find_sites/fn_findSite_trapdoor.sqf
2026-01-29T02:39:35.873126Z TRACE ThreadId(14) sqf compiling /addons/vicstalker_anomalies/functions/anomalies/fields/fn_createField_gravi.sqf
2026-01-29T02:39:35.878916Z TRACE ThreadId(03) sqf compiling /addons/vicstalker_anomalies/functions/anomalies/find_sites/fn_findSite_whirligig.sqf
2026-01-29T02:39:35.885513Z TRACE ThreadId(06) sqf compiling /addons/vicstalker_minefields/functions/minefields/fn_spawnMinefieldQueued.sqf
2026-01-29T02:39:35.890403Z TRACE ThreadId(03) sqf compiling /addons/vicstalker_anomalies/functions/anomalies/find_sites/fn_findSite_zapper.sqf
2026-01-29T02:39:35.898429Z TRACE ThreadId(06) sqf compiling /addons/vicstalker_anomalies/functions/anomalies/fields/fn_createField_launchpad.sqf
2026-01-29T02:39:35.917799Z TRACE ThreadId(03) sqf compiling /addons/vicstalker_anomalies/functions/anomalies/find_sites/fn_findSite_leech.sqf
2026-01-29T02:39:35.917990Z TRACE ThreadId(13) sqf compiling /addons/vicstalker_minefields/functions/minefields/fn_spawnIEDSites.sqf
2026-01-29T02:39:35.918016Z TRACE ThreadId(04) sqf compiling /addons/vicstalker_core/functions/core/fn_findHiddenPosition.sqf
2026-01-29T02:39:35.919069Z TRACE ThreadId(09) sqf compiling /addons/vicstalker_core/functions/core/fn_markBridges.sqf
2026-01-29T02:39:35.919208Z TRACE ThreadId(11) sqf compiling /addons/vicstalker_core/functions/core/fn_spawnWorker.sqf
2026-01-29T02:39:35.926148Z TRACE ThreadId(05) sqf compiling /addons/vicstalker_core/functions/core/fn_radioMessage.sqf
2026-01-29T02:39:35.930342Z TRACE ThreadId(03) sqf compiling /addons/vicstalker_antistasi/functions/antistasi/fn_completeChemSample.sqf
2026-01-29T02:39:35.933983Z TRACE ThreadId(05) sqf compiling /addons/vicstalker_core/functions/core/fn_masterInit.sqf
2026-01-29T02:39:35.934955Z TRACE ThreadId(11) sqf compiling /addons/vicstalker_core/functions/core/fn_markPlayerRanges.sqf
2026-01-29T02:39:35.940048Z TRACE ThreadId(09) sqf compiling /addons/vicstalker_core/functions/core/fn_findCrossroads.sqf
2026-01-29T02:39:35.943120Z TRACE ThreadId(03) sqf compiling /addons/vicstalker_antistasi/functions/antistasi/fn_startMutantHunt.sqf
2026-01-29T02:39:35.946692Z TRACE ThreadId(06) sqf compiling /addons/vicstalker_core/functions/core/fn_selectWeightedBuilding.sqf
2026-01-29T02:39:35.966982Z TRACE ThreadId(03) sqf compiling /addons/vicstalker_antistasi/functions/antistasi/fn_startChemSample.sqf
2026-01-29T02:39:35.967060Z TRACE ThreadId(11) sqf compiling /addons/vicstalker_core/functions/core/fn_getServerMetrics.sqf
2026-01-29T02:39:35.967078Z TRACE ThreadId(04) sqf compiling /addons/vicstalker_core/functions/core/fn_getSetting.sqf
2026-01-29T02:39:35.967138Z TRACE ThreadId(14) sqf compiling /addons/vicstalker_anomalies/functions/anomalies/fields/fn_createField_leech.sqf
2026-01-29T02:39:35.967727Z TRACE ThreadId(06) sqf compiling /addons/vicstalker_core/functions/core/fn_traceFunction.sqf
2026-01-29T02:39:35.972557Z TRACE ThreadId(08) sqf compiling /addons/vicstalker_mutants/functions/mutants/fn_isMutantEnabled.sqf
2026-01-29T02:39:35.974062Z TRACE ThreadId(04) sqf compiling /addons/vicstalker_core/functions/core/fn_remoteReturn.sqf
2026-01-29T02:39:35.974864Z TRACE ThreadId(13) sqf compiling /addons/vicstalker_minefields/functions/minefields/fn_spawnIED.sqf
2026-01-29T02:39:35.976339Z TRACE ThreadId(09) sqf compiling /addons/vicstalker_core/functions/core/fn_findBuildingCoverSpot.sqf
2026-01-29T02:39:35.980209Z TRACE ThreadId(06) sqf compiling /addons/vicstalker_core/functions/core/fn_togglePerfMetrics.sqf
2026-01-29T02:39:35.985590Z TRACE ThreadId(04) sqf compiling /addons/vicstalker_core/functions/core/fn_createLocalMarker.sqf
2026-01-29T02:39:35.993859Z TRACE ThreadId(11) sqf compiling /addons/vicstalker_core/functions/core/fn_debugLog.sqf
2026-01-29T02:39:35.998974Z TRACE ThreadId(13) sqf compiling /addons/vicstalker_minefields/functions/minefields/fn_startMinefieldManager.sqf
2026-01-29T02:39:36.004825Z TRACE ThreadId(11) sqf compiling /addons/vicstalker_core/functions/core/fn_evalSiteProximity.sqf
2026-01-29T02:39:36.004907Z TRACE ThreadId(03) sqf compiling /addons/vicstalker_antistasi/functions/antistasi/fn_completeArtefactHunt.sqf
2026-01-29T02:39:36.005382Z TRACE ThreadId(08) sqf compiling /addons/vicstalker_mutants/functions/mutants/fn_onEmissionEnd.sqf
2026-01-29T02:39:36.007322Z TRACE ThreadId(06) sqf compiling /addons/vicstalker_core/functions/core/fn_findSwamps.sqf
2026-01-29T02:39:36.007453Z TRACE ThreadId(04) sqf compiling /addons/vicstalker_core/functions/core/fn_getActiveCellsNearPlayers.sqf
2026-01-29T02:39:36.009881Z TRACE ThreadId(08) sqf compiling /addons/vicstalker_mutants/functions/mutants/fn_updateProximity.sqf
2026-01-29T02:39:36.010201Z TRACE ThreadId(09) sqf compiling /addons/vicstalker_core/functions/core/fn_getSurfacePosition.sqf
2026-01-29T02:39:36.017096Z TRACE ThreadId(03) sqf compiling /addons/vicstalker_minefields/functions/minefields/fn_deactivateSite.sqf
2026-01-29T02:39:36.019175Z TRACE ThreadId(14) sqf compiling /addons/vicstalker_minefields/functions/minefields/fn_spawnBoobyTraps.sqf
2026-01-29T02:39:36.020697Z TRACE ThreadId(11) sqf compiling /addons/vicstalker_core/functions/core/fn_findValleys.sqf
2026-01-29T02:39:36.022793Z TRACE ThreadId(13) sqf compiling /addons/vicstalker_core/functions/core/fn_markBuildingCoverSpot.sqf
2026-01-29T02:39:36.023519Z TRACE ThreadId(09) sqf compiling /addons/vicstalker_core/functions/core/fn_markAllBuildings.sqf
2026-01-29T02:39:36.035300Z TRACE ThreadId(04) sqf compiling /addons/vicstalker_core/functions/core/fn_markBuildingClusters.sqf
2026-01-29T02:39:36.040654Z TRACE ThreadId(03) sqf compiling /addons/vicstalker_mutants/functions/mutants/fn_manageHerds.sqf
2026-01-29T02:39:36.042864Z TRACE ThreadId(13) sqf compiling /addons/vicstalker_mutants/functions/mutants/fn_spawnPseudodogNest.sqf
2026-01-29T02:39:36.047215Z TRACE ThreadId(09) sqf compiling /addons/vicstalker_core/functions/core/fn_markRockClusters.sqf
2026-01-29T02:39:36.061590Z TRACE ThreadId(13) sqf compiling /addons/vicstalker_mutants/functions/mutants/fn_spawnMutantGroup.sqf
2026-01-29T02:39:36.061676Z TRACE ThreadId(04) sqf compiling /addons/vicstalker_necroplague/functions/necroplague/fn_scheduleNecroplague.sqf
2026-01-29T02:39:36.061839Z TRACE ThreadId(06) sqf compiling /addons/vicstalker_mutants/functions/mutants/fn_onEmissionStart.sqf
2026-01-29T02:39:36.062008Z TRACE ThreadId(08) sqf compiling /addons/vicstalker_mutants/functions/mutants/fn_spawnBehemothNest.sqf
2026-01-29T02:39:36.064620Z TRACE ThreadId(07) sqf compiling /addons/vicstalker_mutants/functions/mutants/fn_spawnCachedHabitats.sqf
2026-01-29T02:39:36.066945Z TRACE ThreadId(06) sqf compiling /addons/vicstalker_mutants/functions/mutants/fn_managePredators.sqf
2026-01-29T02:39:36.068387Z TRACE ThreadId(09) sqf compiling /addons/vicstalker_core/functions/core/fn_markValleys.sqf
2026-01-29T02:39:36.070622Z TRACE ThreadId(08) sqf compiling /addons/vicstalker_stalkers/functions/stalkers/fn_spawnStalkerCamp.sqf
2026-01-29T02:39:36.076111Z TRACE ThreadId(14) sqf compiling /addons/vicstalker_wrecks/functions/wrecks/fn_manageWrecks.sqf
2026-01-29T02:39:36.081312Z TRACE ThreadId(10) sqf compiling /addons/vicstalker_anomalies/functions/anomalies/fn_spawnAllAnomalyFields.sqf
2026-01-29T02:39:36.094266Z TRACE ThreadId(09) sqf compiling /addons/vicstalker_core/functions/core/fn_saveCache.sqf
2026-01-29T02:39:36.107771Z TRACE ThreadId(13) sqf compiling /addons/vicstalker_mutants/functions/mutants/fn_spawnHabitatHunters.sqf
2026-01-29T02:39:36.110234Z TRACE ThreadId(06) sqf compiling /addons/vicstalker_mutants/functions/mutants/fn_spawnBloodsuckerNest.sqf
2026-01-29T02:39:36.110276Z TRACE ThreadId(07) sqf compiling /addons/vicstalker_mutants/functions/mutants/fn_spawnCatNest.sqf
2026-01-29T02:39:36.111929Z TRACE ThreadId(04) sqf compiling /addons/vicstalker_panic/functions/panic/fn_onEmissionStart.sqf
2026-01-29T02:39:36.112966Z TRACE ThreadId(09) sqf compiling /addons/vicstalker_core/functions/core/fn_findRoads.sqf
2026-01-29T02:39:36.117365Z TRACE ThreadId(07) sqf compiling /addons/vicstalker_wrecks/functions/wrecks/fn_spawnAbandonedVehicles.sqf
2026-01-29T02:39:36.118625Z TRACE ThreadId(06) sqf compiling /addons/vicstalker_mutants/functions/mutants/fn_spawnPredatorAttack.sqf
2026-01-29T02:39:36.119917Z TRACE ThreadId(04) sqf compiling /addons/vicstalker_panic/functions/panic/fn_onEmissionEnd.sqf
2026-01-29T02:39:36.123916Z TRACE ThreadId(14) sqf compiling /addons/vicstalker_wrecks/functions/wrecks/fn_findWrecks.sqf
2026-01-29T02:39:36.124176Z TRACE ThreadId(04) sqf compiling /addons/vicstalker_panic/functions/panic/fn_onEmissionBuildUp.sqf
2026-01-29T02:39:36.132755Z TRACE ThreadId(04) sqf compiling /addons/vicstalker_spooks/functions/spooks/fn_manageSpookZones.sqf
2026-01-29T02:39:36.136770Z TRACE ThreadId(09) sqf compiling /addons/vicstalker_core/functions/core/fn_getLandSurfacePosition.sqf
2026-01-29T02:39:36.146733Z TRACE ThreadId(11) sqf compiling /addons/vicstalker_core/initServer.sqf
2026-01-29T02:39:36.148069Z TRACE ThreadId(14) sqf compiling /addons/vicstalker_wrecks/functions/wrecks/fn_markWrecks.sqf
2026-01-29T02:39:36.148727Z TRACE ThreadId(03) sqf compiling /addons/vicstalker_mutants/functions/mutants/fn_spawnSnorkNest.sqf
2026-01-29T02:39:36.169869Z TRACE ThreadId(03) sqf compiling /addons/vicstalker_mutants/functions/mutants/fn_onMutantKilled.sqf
2026-01-29T02:39:36.169906Z TRACE ThreadId(09) sqf compiling /addons/vicstalker_core/functions/core/fn_markDeathLocation.sqf
2026-01-29T02:39:36.170161Z TRACE ThreadId(13) sqf compiling /addons/vicstalker_mutants/functions/mutants/fn_spawnIzlomNest.sqf
2026-01-29T02:39:36.170605Z TRACE ThreadId(07) sqf compiling /addons/vicstalker_zombification/functions/zombification/fn_trackDeadForZombify.sqf
2026-01-29T02:39:36.170852Z TRACE ThreadId(14) sqf compiling /addons/vicstalker_mutants/functions/mutants/fn_spawnSmasherNest.sqf
2026-01-29T02:39:36.177519Z TRACE ThreadId(13) sqf compiling /addons/vicstalker_mutants/functions/mutants/fn_spawnFleshNest.sqf
2026-01-29T02:39:36.178081Z TRACE ThreadId(14) sqf compiling /addons/vicstalker_mutants/functions/mutants/fn_spawnAmbientHerds.sqf
2026-01-29T02:39:36.186044Z TRACE ThreadId(13) sqf compiling /addons/vicstalker_necroplague/functions/necroplague/fn_triggerNecroplague.sqf
2026-01-29T02:39:36.191862Z TRACE ThreadId(07) sqf compiling /addons/vicstalker_zombification/functions/zombification/fn_onEmissionEnd.sqf
2026-01-29T02:39:36.193248Z TRACE ThreadId(09) sqf compiling /addons/vicstalker_core/functions/core/fn_requestServerState.sqf
2026-01-29T02:39:36.196263Z TRACE ThreadId(07) sqf compiling /addons/vicstalker_zombification/functions/zombification/fn_spawnZombiesFromQueue.sqf
2026-01-29T02:39:36.223381Z TRACE ThreadId(07) sqf compiling /addons/vicstalker_mutants/functions/mutants/fn_manageHostiles.sqf
2026-01-29T02:39:36.223445Z TRACE ThreadId(14) sqf compiling /addons/vicstalker_stalkers/functions/stalkers/fn_manageStalkerCamps.sqf
2026-01-29T02:39:36.223488Z TRACE ThreadId(03) sqf compiling /addons/vicstalker_mutants/functions/mutants/fn_spawnMutantNest.sqf
2026-01-29T02:39:36.223655Z TRACE ThreadId(11) sqf compiling /addons/vicstalker_storms/functions/storms/fn_triggerPsyStorm.sqf
2026-01-29T02:39:36.223815Z TRACE ThreadId(04) sqf compiling /addons/vicstalker_spooks/functions/spooks/fn_setupSpookZones.sqf
2026-01-29T02:39:36.232800Z TRACE ThreadId(13) sqf compiling /addons/vicstalker_stalkers/functions/stalkers/fn_findCampBuilding.sqf
2026-01-29T02:39:36.233628Z TRACE ThreadId(10) sqf compiling /addons/vicstalker_anomalies/functions/anomalies/fn_startAnomalyManager.sqf
2026-01-29T02:39:36.234767Z TRACE ThreadId(09) sqf compiling /addons/vicstalker_core/functions/core/fn_findSniperSpots.sqf
2026-01-29T02:39:36.240347Z TRACE ThreadId(04) sqf compiling /addons/vicstalker_spooks/functions/spooks/fn_spawnSpookZone.sqf
2026-01-29T02:39:36.245264Z TRACE ThreadId(10) sqf compiling /addons/vicstalker_anomalies/functions/anomalies/fn_deactivateSite.sqf
2026-01-29T02:39:36.245978Z TRACE ThreadId(06) sqf compiling /addons/vicstalker_mutants/functions/mutants/fn_initMutantUnit.sqf
2026-01-29T02:39:36.261959Z TRACE ThreadId(06) sqf compiling /addons/vicstalker_stalkers/functions/stalkers/fn_startSniperManager.sqf
2026-01-29T02:39:36.262012Z TRACE ThreadId(03) sqf compiling /addons/vicstalker_mutants/functions/mutants/fn_spawnCorruptorNest.sqf
2026-01-29T02:39:36.264052Z TRACE ThreadId(08) sqf compiling /addons/vicstalker_stalkers/functions/stalkers/fn_spawnFlareTripwires.sqf
2026-01-29T02:39:36.264843Z TRACE ThreadId(13) sqf compiling /addons/vicstalker_storms/functions/storms/fn_schedulePsyStorms.sqf
2026-01-29T02:39:36.269335Z TRACE ThreadId(07) sqf compiling /addons/vicstalker_mutants/functions/mutants/fn_manageHabitats.sqf
2026-01-29T02:39:36.271180Z TRACE ThreadId(03) sqf compiling /addons/vicstalker_stalkers/functions/stalkers/fn_spawnSniper.sqf
2026-01-29T02:39:36.274169Z TRACE ThreadId(06) sqf compiling /addons/vicstalker_core/functions/core/fn_toggleSiteOverlay.sqf
2026-01-29T02:39:36.275909Z TRACE ThreadId(09) sqf compiling /addons/vicstalker_stalkers/functions/stalkers/fn_manageWanderers.sqf
2026-01-29T02:39:36.288801Z TRACE ThreadId(10) sqf compiling /addons/vicstalker_stalkers/functions/stalkers/fn_spawnStalkerCamps.sqf
2026-01-29T02:39:36.296829Z TRACE ThreadId(06) sqf compiling /addons/vicstalker_stalkers/functions/stalkers/fn_spawnAmbientStalkers.sqf
2026-01-29T02:39:36.319547Z TRACE ThreadId(10) sqf compiling /addons/vicstalker_stalkers/functions/stalkers/fn_manageSnipers.sqf
2026-01-29T02:39:36.319634Z TRACE ThreadId(08) sqf compiling /addons/vicstalker_stalkers/functions/stalkers/fn_startCampManager.sqf
2026-01-29T02:39:36.412679Z  INFO ThreadId(01) Compiled 214 sqf files
2026-01-29T02:39:36.412979Z TRACE ThreadId(01) phase: pre_build (SQF) (done)
2026-01-29T02:39:36.412991Z TRACE ThreadId(01) phase: pre_build (Stringtables) (start)
2026-01-29T02:39:36.460171Z  INFO ThreadId(01) Checked 0 stringtables
2026-01-29T02:39:36.460220Z TRACE ThreadId(01) phase: pre_build (Stringtables) (done)
2026-01-29T02:39:36.465325Z TRACE ThreadId(01) writing ci annotations to .hemttout/ci_annotations.txt
2026-01-29T02:39:36.465477Z TRACE ThreadId(01) wrote 0 ci annotations to .hemttout/ci_annotations.txt
